<?xml version="1.0" encoding="UTF-8"?>
<!-- Generated by org.testng.reporters.JUnitReportReporter -->
<testsuite hostname="DESKTOP-1SNMPBK" failures="0" tests="1" name="blackCaps.ReadExceldataForLoginfunctionality" time="1.515" errors="0" timestamp="16 Mar 2023 11:04:28 GMT" skipped="0">
  <testcase classname="blackCaps.ReadExceldataForLoginfunctionality" name="readExcelData" time="1.515"/>
</testsuite> <!-- blackCaps.ReadExceldataForLoginfunctionality -->
