<?xml version="1.0" encoding="UTF-8"?>
<!-- Generated by org.testng.reporters.JUnitReportReporter -->
<testsuite hostname="DESKTOP-1SNMPBK" failures="0" tests="1" name="testNG.Login2" time="5.894" errors="0" timestamp="20 Mar 2023 12:36:47 GMT" skipped="0">
  <testcase classname="testNG.Login2" name="nopLogin" time="5.894"/>
</testsuite> <!-- testNG.Login2 -->
