<?xml version="1.0" encoding="UTF-8"?>
<!-- Generated by org.testng.reporters.JUnitReportReporter -->
<testsuite hostname="DESKTOP-1SNMPBK" failures="0" tests="3" name="testNG.LoginFunctionality" time="4.926" errors="0" timestamp="20 Mar 2023 13:01:56 GMT" skipped="0">
  <testcase classname="testNG.LoginFunctionality" name="clickOnCatalog" time="0.095"/>
  <testcase classname="testNG.LoginFunctionality" name="verifyDashBord" time="0.005"/>
  <testcase classname="testNG.LoginFunctionality" name="Login" time="4.826"/>
</testsuite> <!-- testNG.LoginFunctionality -->
